0 info it worked if it ends with ok
1 verbose cli [ '/usr/local/bin/node', '/usr/local/bin/npm', 'publish' ]
2 info using npm@3.8.6
3 info using node@v6.0.0
4 verbose publish [ '.' ]
5 silly cache add args [ '.', null ]
6 verbose cache add spec .
7 silly cache add parsed spec Result {
7 silly cache add   raw: '.',
7 silly cache add   scope: null,
7 silly cache add   name: null,
7 silly cache add   rawSpec: '.',
7 silly cache add   spec: '/Users/marko/Documents/sandbox/object-query',
7 silly cache add   type: 'directory' }
8 verbose addLocalDirectory /Users/marko/.npm/object-query/0.1.0/package.tgz not in flight; packing
9 verbose correctMkdir /Users/marko/.npm correctMkdir not in flight; initializing
10 info lifecycle object-query@0.1.0~prepublish: object-query@0.1.0
11 silly lifecycle object-query@0.1.0~prepublish: no script for prepublish, continuing
12 verbose tar pack [ '/Users/marko/.npm/object-query/0.1.0/package.tgz',
12 verbose tar pack   '/Users/marko/Documents/sandbox/object-query' ]
13 verbose tarball /Users/marko/.npm/object-query/0.1.0/package.tgz
14 verbose folder /Users/marko/Documents/sandbox/object-query
15 verbose addLocalTarball adding from inside cache /Users/marko/.npm/object-query/0.1.0/package.tgz
16 verbose correctMkdir /Users/marko/.npm correctMkdir not in flight; initializing
17 silly cache afterAdd object-query@0.1.0
18 verbose afterAdd /Users/marko/.npm/object-query/0.1.0/package/package.json not in flight; writing
19 verbose correctMkdir /Users/marko/.npm correctMkdir not in flight; initializing
20 verbose afterAdd /Users/marko/.npm/object-query/0.1.0/package/package.json written
21 silly publish { name: 'object-query',
21 silly publish   version: '0.1.0',
21 silly publish   dependencies: {},
21 silly publish   devDependencies: { chai: '^3.5.0' },
21 silly publish   description: 'query objects with string',
21 silly publish   main: 'index.js',
21 silly publish   directories: { test: 'test' },
21 silly publish   scripts: { test: 'echo "Error: no test specified" && exit 1' },
21 silly publish   repository:
21 silly publish    { type: 'git',
21 silly publish      url: 'git+https://github.com/marbaj/object-query.git' },
21 silly publish   author: { name: 'Marko Bajic', email: 'marko.bajic@gmail.com' },
21 silly publish   license: 'MIT',
21 silly publish   bugs: { url: 'https://github.com/marbaj/object-query/issues' },
21 silly publish   gitHead: '023f828ca70a96c108339357a0984a1bc7542673',
21 silly publish   readme: 'ERROR: No README data found!',
21 silly publish   homepage: 'https://github.com/marbaj/object-query#readme',
21 silly publish   _id: 'object-query@0.1.0',
21 silly publish   _shasum: 'e7f1f6d5a88f83e35982591dfffbff39fc57d0b1',
21 silly publish   _from: '.' }
22 verbose getPublishConfig undefined
23 silly mapToRegistry name object-query
24 silly mapToRegistry using default registry
25 silly mapToRegistry registry https://registry.npmjs.org/
26 silly mapToRegistry data Result {
26 silly mapToRegistry   raw: 'object-query',
26 silly mapToRegistry   scope: null,
26 silly mapToRegistry   name: 'object-query',
26 silly mapToRegistry   rawSpec: '',
26 silly mapToRegistry   spec: 'latest',
26 silly mapToRegistry   type: 'tag' }
27 silly mapToRegistry uri https://registry.npmjs.org/object-query
28 verbose publish registryBase https://registry.npmjs.org/
29 silly publish uploading /Users/marko/.npm/object-query/0.1.0/package.tgz
30 verbose request uri https://registry.npmjs.org/object-query
31 verbose request sending authorization for write operation
32 info attempt registry request try #1 at 9:30:49 PM
33 verbose request using bearer token for auth
34 verbose request id 238e604d7891e494
35 http request PUT https://registry.npmjs.org/object-query
36 http 403 https://registry.npmjs.org/object-query
37 verbose headers { 'content-type': 'application/json',
37 verbose headers   'cache-control': 'max-age=300',
37 verbose headers   'content-length': '106',
37 verbose headers   'accept-ranges': 'bytes',
37 verbose headers   date: 'Sat, 14 May 2016 01:30:50 GMT',
37 verbose headers   via: '1.1 varnish',
37 verbose headers   connection: 'keep-alive',
37 verbose headers   'x-served-by': 'cache-atl6224-ATL',
37 verbose headers   'x-cache': 'MISS',
37 verbose headers   'x-cache-hits': '0',
37 verbose headers   'x-timer': 'S1463189450.042161,VS0,VE307',
37 verbose headers   vary: 'Accept-Encoding' }
38 verbose request invalidating /Users/marko/.npm/registry.npmjs.org/object-query on PUT
39 error publish Failed PUT 403
40 verbose stack Error: you do not have permission to publish "object-query". Are you logged in as the correct user? : object-query
40 verbose stack     at makeError (/usr/local/lib/node_modules/npm/node_modules/npm-registry-client/lib/request.js:264:12)
40 verbose stack     at CachingRegistryClient.<anonymous> (/usr/local/lib/node_modules/npm/node_modules/npm-registry-client/lib/request.js:252:14)
40 verbose stack     at Request._callback (/usr/local/lib/node_modules/npm/node_modules/npm-registry-client/lib/request.js:172:14)
40 verbose stack     at Request.self.callback (/usr/local/lib/node_modules/npm/node_modules/request/request.js:199:22)
40 verbose stack     at emitTwo (events.js:106:13)
40 verbose stack     at Request.emit (events.js:191:7)
40 verbose stack     at Request.<anonymous> (/usr/local/lib/node_modules/npm/node_modules/request/request.js:1036:10)
40 verbose stack     at emitOne (events.js:101:20)
40 verbose stack     at Request.emit (events.js:188:7)
40 verbose stack     at IncomingMessage.<anonymous> (/usr/local/lib/node_modules/npm/node_modules/request/request.js:963:12)
41 verbose statusCode 403
42 verbose pkgid object-query
43 verbose cwd /Users/marko/Documents/sandbox/object-query
44 error Darwin 15.2.0
45 error argv "/usr/local/bin/node" "/usr/local/bin/npm" "publish"
46 error node v6.0.0
47 error npm  v3.8.6
48 error code E403
49 error you do not have permission to publish "object-query". Are you logged in as the correct user? : object-query
50 error If you need help, you may report this error at:
50 error     <https://github.com/npm/npm/issues>
51 verbose exit [ 1, true ]
